<?xml version="1.0" encoding="UTF-8"?>
<testsuite xmlns:xsi="http://www.w3.org/2001/XMLSchema-instance" xsi:noNamespaceSchemaLocation="https://maven.apache.org/surefire/maven-surefire-plugin/xsd/surefire-test-report.xsd" name="com.airline.planes.PlaneTest" time="0.029" tests="11" errors="0" skipped="0" failures="0">
  <properties>
    <property name="gopherProxySet" value="false"/>
    <property name="awt.toolkit" value="sun.lwawt.macosx.LWCToolkit"/>
    <property name="file.encoding.pkg" value="sun.io"/>
    <property name="java.specification.version" value="1.8"/>
    <property name="sun.cpu.isalist" value=""/>
    <property name="sun.jnu.encoding" value="UTF-8"/>
    <property name="java.class.path" value="/Users/pots/Desktop/X-Files/cd/Java/airline/target/test-classes:/Users/pots/Desktop/X-Files/cd/Java/airline/target/classes:/Users/pots/.m2/repository/junit/junit/4.11/junit-4.11.jar:/Users/pots/.m2/repository/org/hamcrest/hamcrest-core/1.3/hamcrest-core-1.3.jar:"/>
    <property name="java.vm.vendor" value="BellSoft"/>
    <property name="sun.arch.data.model" value="64"/>
    <property name="java.vendor.url" value="https://bell-sw.com/"/>
    <property name="user.timezone" value=""/>
    <property name="user.country.format" value="UA"/>
    <property name="java.vm.specification.version" value="1.8"/>
    <property name="os.name" value="Mac OS X"/>
    <property name="user.country" value="GB"/>
    <property name="sun.java.launcher" value="SUN_STANDARD"/>
    <property name="sun.boot.library.path" value="/Users/pots/Library/Java/JavaVirtualMachines/liberica-1.8.0_345/jre/lib"/>
    <property name="sun.java.command" value="/Users/pots/Desktop/X-Files/cd/Java/airline/target/surefire/surefirebooter4813976613287688248.jar /Users/pots/Desktop/X-Files/cd/Java/airline/target/surefire 2022-12-04T17-26-43_567-jvmRun1 surefire1818121628001570736tmp surefire_01184384030645453147tmp"/>
    <property name="http.nonProxyHosts" value="local|*.local|169.254/16|*.169.254/16"/>
    <property name="surefire.test.class.path" value="/Users/pots/Desktop/X-Files/cd/Java/airline/target/test-classes:/Users/pots/Desktop/X-Files/cd/Java/airline/target/classes:/Users/pots/.m2/repository/junit/junit/4.11/junit-4.11.jar:/Users/pots/.m2/repository/org/hamcrest/hamcrest-core/1.3/hamcrest-core-1.3.jar:"/>
    <property name="sun.cpu.endian" value="little"/>
    <property name="user.home" value="/Users/pots"/>
    <property name="user.language" value="en"/>
    <property name="java.specification.vendor" value="Oracle Corporation"/>
    <property name="java.home" value="/Users/pots/Library/Java/JavaVirtualMachines/liberica-1.8.0_345/jre"/>
    <property name="basedir" value="/Users/pots/Desktop/X-Files/cd/Java/airline"/>
    <property name="file.separator" value="/"/>
    <property name="line.separator" value="&#10;"/>
    <property name="java.vm.specification.vendor" value="Oracle Corporation"/>
    <property name="java.specification.name" value="Java Platform API Specification"/>
    <property name="java.awt.graphicsenv" value="sun.awt.CGraphicsEnvironment"/>
    <property name="surefire.real.class.path" value="/Users/pots/Desktop/X-Files/cd/Java/airline/target/surefire/surefirebooter4813976613287688248.jar"/>
    <property name="sun.boot.class.path" value="/Users/pots/Library/Java/JavaVirtualMachines/liberica-1.8.0_345/jre/lib/resources.jar:/Users/pots/Library/Java/JavaVirtualMachines/liberica-1.8.0_345/jre/lib/rt.jar:/Users/pots/Library/Java/JavaVirtualMachines/liberica-1.8.0_345/jre/lib/sunrsasign.jar:/Users/pots/Library/Java/JavaVirtualMachines/liberica-1.8.0_345/jre/lib/jsse.jar:/Users/pots/Library/Java/JavaVirtualMachines/liberica-1.8.0_345/jre/lib/jce.jar:/Users/pots/Library/Java/JavaVirtualMachines/liberica-1.8.0_345/jre/lib/charsets.jar:/Users/pots/Library/Java/JavaVirtualMachines/liberica-1.8.0_345/jre/lib/jfr.jar:/Users/pots/Library/Java/JavaVirtualMachines/liberica-1.8.0_345/jre/classes"/>
    <property name="sun.management.compiler" value="HotSpot 64-Bit Tiered Compilers"/>
    <property name="ftp.nonProxyHosts" value="local|*.local|169.254/16|*.169.254/16"/>
    <property name="java.runtime.version" value="1.8.0_345-b01"/>
    <property name="user.name" value="pots"/>
    <property name="path.separator" value=":"/>
    <property name="os.version" value="10.16"/>
    <property name="java.endorsed.dirs" value="/Users/pots/Library/Java/JavaVirtualMachines/liberica-1.8.0_345/jre/lib/endorsed"/>
    <property name="java.runtime.name" value="OpenJDK Runtime Environment"/>
    <property name="file.encoding" value="UTF-8"/>
    <property name="java.vm.name" value="OpenJDK 64-Bit Server VM"/>
    <property name="localRepository" value="/Users/pots/.m2/repository"/>
    <property name="java.vendor.url.bug" value="https://bell-sw.com/support"/>
    <property name="java.io.tmpdir" value="/var/folders/4x/6fcprm7j3clf67tvp0gs8nxh0000gn/T/"/>
    <property name="idea.version" value="2022.2.2"/>
    <property name="java.version" value="1.8.0_345"/>
    <property name="user.dir" value="/Users/pots/Desktop/X-Files/cd/Java/airline"/>
    <property name="os.arch" value="x86_64"/>
    <property name="java.vm.specification.name" value="Java Virtual Machine Specification"/>
    <property name="java.awt.printerjob" value="sun.lwawt.macosx.CPrinterJob"/>
    <property name="sun.os.patch.level" value="unknown"/>
    <property name="java.library.path" value="/Users/pots/Library/Java/Extensions:/Library/Java/Extensions:/Network/Library/Java/Extensions:/System/Library/Java/Extensions:/usr/lib/java:."/>
    <property name="java.vm.info" value="mixed mode"/>
    <property name="java.vendor" value="BellSoft"/>
    <property name="java.vm.version" value="25.345-b01"/>
    <property name="java.ext.dirs" value="/Users/pots/Library/Java/Extensions:/Users/pots/Library/Java/JavaVirtualMachines/liberica-1.8.0_345/jre/lib/ext:/Library/Java/Extensions:/Network/Library/Java/Extensions:/System/Library/Java/Extensions:/usr/lib/java"/>
    <property name="sun.io.unicode.encoding" value="UnicodeBig"/>
    <property name="java.class.version" value="52.0"/>
    <property name="socksNonProxyHosts" value="local|*.local|169.254/16|*.169.254/16"/>
  </properties>
  <testcase name="testGetLoadCapacity" classname="com.airline.planes.PlaneTest" time="0.002"/>
  <testcase name="testGetModel" classname="com.airline.planes.PlaneTest" time="0"/>
  <testcase name="testGetRange" classname="com.airline.planes.PlaneTest" time="0"/>
  <testcase name="testGetId" classname="com.airline.planes.PlaneTest" time="0"/>
  <testcase name="testSetId" classname="com.airline.planes.PlaneTest" time="0"/>
  <testcase name="testGetType" classname="com.airline.planes.PlaneTest" time="0"/>
  <testcase name="testGetPassengerCapacity" classname="com.airline.planes.PlaneTest" time="0"/>
  <testcase name="testGetfuelConsumption" classname="com.airline.planes.PlaneTest" time="0.001"/>
  <testcase name="testAirlinerFlightPrice" classname="com.airline.planes.PlaneTest" time="0.002"/>
  <testcase name="testPrivateJetFlightPrice" classname="com.airline.planes.PlaneTest" time="0"/>
  <testcase name="testCargoPlaneFlightPrice" classname="com.airline.planes.PlaneTest" time="0.001"/>
</testsuite>